DEPRECATION WARNING: config.action_view.debug_rjs will be removed in 3.1, from 3.1 onwards you will need to install prototype-rails to continue to use RJS templates . (called from service at C:/RailsInstaller/Ruby1.8.7/lib/ruby/1.8/webrick/httpserver.rb:104)


Started GET "/rails/info/properties" for 127.0.0.1 at Sun Aug 28 03:09:54 -0500 2011
  Processing by Rails::InfoController#properties as 
  [1m[36mSQL (0.0ms)[0m  [1m SELECT name
 FROM sqlite_master
 WHERE type = 'table' AND NOT name = 'sqlite_sequence'
[0m
Rendered inline template (0.0ms)
Completed 200 OK in 172ms (Views: 15.6ms | ActiveRecord: 0.0ms)


Started GET "/rails/info/properties" for 127.0.0.1 at Sun Aug 28 03:13:08 -0500 2011
  Processing by Rails::InfoController#properties as 
Rendered inline template (0.0ms)
Completed 200 OK in 16ms (Views: 15.6ms | ActiveRecord: 0.0ms)


Started GET "/rails/info/properties" for 127.0.0.1 at Sun Aug 28 03:13:45 -0500 2011
  Processing by Rails::InfoController#properties as 
Rendered inline template (0.0ms)
Completed 200 OK in 16ms (Views: 0.0ms | ActiveRecord: 0.0ms)
DEPRECATION WARNING: config.action_view.debug_rjs will be removed in 3.1, from 3.1 onwards you will need to install prototype-rails to continue to use RJS templates . (called from service at C:/RailsInstaller/Ruby1.8.7/lib/ruby/1.8/webrick/httpserver.rb:104)


Started GET "/" for 127.0.0.1 at Sun Aug 28 03:25:52 -0500 2011
  Processing by WelcomeController#index as HTML
Rendered welcome/index.html.erb within layouts/application (0.0ms)
Completed 200 OK in 31ms (Views: 31.2ms | ActiveRecord: 0.0ms)
